<?xml version="1.0" encoding="UTF-8"?>
<!-- Generated by org.testng.reporters.JUnitReportReporter -->
<testsuite hostname="DESKTOP-C8H77MF" failures="0" tests="1" name="resume.Naukri" time="10.923" errors="0" timestamp="2021-07-18T08:16:17 IST" skipped="0">
  <testcase classname="resume.Naukri" name="resume" time="10.923"/>
  <system-out/>
</testsuite> <!-- resume.Naukri -->
